[    0.000000] Initializing cgroup subsys cpuset
[    0.0000] Intialzingcgrop subsys cpu
[  0.00000] Initializing cgroup subs cpcct[  0.0000]Linu verion .4.0-1-genri (buildd@lcy0-amd-019(gccversn 5.40 26060(Ubun 5.4.0-6ubuntu1~16.04.12) ) #9-Ubtu SP Th Nov4 01::04 TC 201 (buntu4.4.-170199-enerc 4.4.200)
[   0.0000] Command line: BOOT_IMAGE=/boot/vmlinuz-4.4.0-170-generic root=LABEL=coudimg-rootfs ro cnsoltty1onso=tty
[  0.0000 KEREL sportd cps:
   0.00000   Itel enuinInel
    0000]   MDAutnticAMD
[    0.000000]   Centaur CentaurHauls
[    0.000000] x86/fpu: xstate_offset[2]:  576, xstate_sizes[2]:  256
[    0.000000] x86/fpu: Supporting XSAVE feature 0x01: 'x87 floating point registers'
[    0.000000] x8fpu: Suportin XSAE feture0x02 'SSE rgistrs'[   0.00000]x86/pu: SuppotingXSAV feare 0x04: VX reisers'
[   0.00000x86/pu: Enabled xstate features 0x7, context size is 32 bytes, using 'standard' format.
[    0.000000] e820: BIOS-provided physical RAM map:
[    0.000000] BIOS-e820: [mem x0000000000000000-0x000000000009fbff] usable
[    0.000000] BIOS-e820: [mem 0x000000000009fc00-0x000000000009ffff] reserved
[    0.000000] BIOS-e820: [mem 0x00000000000f0000-00000000ffff] reerv
[   0.00000] BOS-e820: [mem 0x0000000010000-0x000000003ffeffff] usable
[    0.000000] BIOS-e820: [mem 0x000000003fff0000-0x000000003fffffff] ACPI data
[    0.000000] BIOS-e820: [mem 0x00000000fec00000-0x00000000fec00fff] reserved
[    0.000000] BIOS-e820: [mem 0x00000000fee00000-0x00000000fee00fff] reserved
[    0.000000] BIOS-e820: [mem 0x00000000fffc0000-0x00000000ffffffff] reserved
[    0.000000] NX (Execute Disable) protection: active
[    0.000000] SMBIOS 2.5 present.
[    0.000000] Hypervisor detected: KVM
[    0.000000] Kernel/User page tables isolation: disabled
[    0.000000] e820: last_pfn = 0x3fff0 max_arch_pfn = 0x400000000
[    0.000000] MTRR: Disabled
[    0.000000] x86/PAT: MTRRs disabled, sippingPAT nitilizaon to.
   0.00000]CPU TRRs all blank - virtualized system.
[   0.00000 x86/PA: Cofiguatio [0-7 WB WT  UC- UC  WB  WT  UC-   
[    0.00000] found SMP MP-table at [mem 0x0009fff0-0x0009ffff] mapped at [ffff88000009fff0]
[    0.000000] Scanning 1 areas for low memory corruption
[    0.000000] RAMDISK: [mem 0x362000-0x7171ff]
[    0.000000] ACPI: Early table checksum verification disabled
[    0.000000] ACPI: RSDP 0x00000000000E0000 000024 (v02 VBOX  )
[    00000] API XSD 0x0000003FF0030 00003C (v01 VBOX   VBOXXST 000001 AL  000061)
[   0.00000ACPI: FACP x0000003FFF00F0 0000F4 (v04 VBOX   VBOXFACP 00000001 ASL  00000061)
[    0.000000] ACPI: DSDT 0x000000003FFF0470 0021FF (v02 VBOX   VBOXBIOS 00000002 INTL 20100528)
[    0.000000] ACPI: FACS 0x000000003FFF0200 000040
[    0.000000] ACPI: FACS 0x000000003FFF0200 000040
[    0.000000] ACPI: APIC 0x000000003FFF0240 00005C (v02 VBOX   VBOXAPIC 00000001 ASL  00000061)
[    0.000000] ACPI: SSDT 0x000000003FFF02A0 0001CC (v01 VBOX   VBOXCPUT 00000002 INTL 20100528)
[    0.000000] No NUMA configuration found
[    0.000000] Faking a node at [mem 0x0000000000000000-0x000000003ffeffff]
[    0.000000] NODE_DATA(0) allocatd [mm 0xffeb000-0x3ffeffff]
[  0.0000]vm-cock:Usin msrs 564d and4b56d00
[    0.000000] kvm-clock: cpu 0,sr 0ffe300, prmary cpu clock
[   0.0000] kvm-clock: using sched offset of 4026386844 cycles
[    0.000000] clocksource: kvm-clock: mask: 0xffffffffffffffff max_cycles: 0x1cd42e4dffb, max_idle_ns: 881590591483 ns
[   .000000] Zone ranges:
[    0.000000]   DMA      [mem 0x0000000000001000-0x0000000000ffffff]
[    0.000000]   DMA32    [mem 0x0000000001000000-0x000000003ffeffff]
[    0.000000]   Normal   empty
[    0.000000]   Device   empty
[    0.000000] Movable zone start for each node
[    0.000000] Early memory node ranges
[    0.000000]   node   0: [mem 0x0000000000001000-0x000000000009efff]
[    0.000000]   node   0: [mem 0x0000000000100000-0x000000003ffeffff]
[    0.000000] Initmem setup node 0 [mem 0x0000000000001000-0x000000003ffeffff]
[    0.000000] ACPI: PM-Timer IO Port: 0x4008
[    0.000000] IOAPIC[0]: apic_id 2, version 32, address 0xfec00000, GSI 0-23
[    0.000000] ACPI: INT_SRC_OVR (bus 0 bus_irq 0 global_irq 2 dfl dfl)
[    0.000000] ACPI: INT_SRC_OVR (bus 0 bus_irq 9 global_irq 9 low level)
[    0.000000] Using ACPI (MADT) for SMP configuration information
[    0.000000] smpboot: lowi 2 CPUs, 0 hotplug CPUs
[    0.000000] PM: Registeed nosave memory: [mem 0x00000000-0x00000f]
   0.00000 PM:egisred osav memry: [em 0x000f0-0x009fff]
[  0.00000] PM: Registered nosave memory: [mem 0x000a0000-0x000effff]
[    0.000000] PM: Registered nosave memory: [mem 0x000f0000-0x000fffff][    0.000000] e820[memx400000-xfebffff avalable forPCI evics
   0.00000] Btingaravirualized kernel on KVM
[    0.000000] clocksource: refined-jiffies: mask: 0xffffffff max_cycles: 0xffffffff, max_idle_ns: 7645519600211568 ns
[    0.000000] setup_percpu: NR_CPUS:512 nr_cpumask_bits:512 nr_cpu_ids:2 nr_node_ids:1
[    0.000000] PERCPU: Embedded 33 pages/cpu @fff88003f00000 s95448 r8192 d31528 u1048576
[   .000000] Built 1 zonelists in Node order, mobility groupi on.  Ttal pages: 257912
[    0.00000]olicyzoe:MA32
[   0.000000] Kernel command line: BOOT_AGE=/boot/vmlinuz-4.4.0-170-generic root=LABEL=cloudimg-roofs ro console=tty1 console=yS
[    0.000000] PID hash table entries: 4096 (order: 3, 32768 bytes)
[    0.000000] Memory: 997716K/1048120K available (8626K kernel code, 1336K rwdata, 4036K rodata, 1488K init, 1288K bss, 50404K reserved, 0K cma-esrved
[   .00000] SLUB: HWalign=64, Order=0-3, MinObjects=, CPUs=2,Node=1
[    0.000000] Hierarchical RCU implementation.
[    0.000000] 	Build-ime adjustment of leaf fanout to 64.
[    0.000000] 	RCU restricting CPUs from NR_CPUS=512 to nr_cpu_ids=2.
[    0.000000] RCU: Adjusting geometry for rcu_fanout_leaf=64, nr_cpu_ids=2
[    0.000000] NR_IRQS:33024 nr_irqs:44016
    .000000] Console: coour A+ 825
   00000 conle [ty1]enabed
   0.00000 conole ttyS0]enabd
[    0.000000] tsc: Detected 1992.001 MHz processor
[   13.385435] Calibrating delay loop (skipped) preset value.. 3984.00 BogoMIPS (lpj=7968004)
[   13.468730] pid_max: default: 32768 minimum: 301
[   13.517126] ACPI: Core revision 20150930
[   13.519338] ACPI: 2 ACPI AML tables successfully acquired and loaded
[   13.732380] Security Framework initialized
[   13.881271] Yama: becoming mindful.
[   13.992943] AppArmor: AppArmor initialized
[   14.111477] Dentry cache hash table entries: 131072 (order: 8, 1048576 bytes)
[   14.214165] Inode-cache hash table entries: 65536 (order: 7, 524288 bytes)
[   14.475993] Mount-cache hash table entries: 2048 (order: 2, 16384 bytes)
[   14.551506] Mountpoint-cache hash table entries: 2048 (order: 2, 16384 bytes)
[   14.553101] Initializing cgroup subsys io
[   14.586476] Initializing cgroup subsys memory
[   14.587512] Initializing cgroup subsys devices
[   14.588510] Initializing cgroup subsys freezer
[   14.589563] Initializing cgroup subsys net_cls
[   14.590620] Initializing cgroup subsys perf_event
[   14.598096] Initializing cgroup subsys net_prio
[   14.635512] Initializing cgroup subsys hugetlb
[   14.731648] Initializing cgroup subsys pids
[   14.884953] mce: CPU supports 0 MCE banks
[   15.028436] Last level iTLB entries: 4KB 64, 2MB 8, 4MB 8
[   15.225108] Last level dTLB entries: 4KB 64, 2MB 0, 4MB 0, 1GB 4
[   15.257336] Spectre V1 : Mitigation: usercopy/swapgs barriers and __user pointer sanitization
[   15.266357] Spectre V2 : Mitigation: Enhanced IBRS
[   15.344587] Spectre V2 : Spectre v2 / SpectreRSB mitigation: Filling RSB on context switch
[   15.353488] Speculative Store Bypass: Vulnerable
[   15.358188] Freeing SMP alternatives memory: 36K
[   15.368257] ftrace: allocating 32302 entries in 127 pages
[   15.467410] smpboot: APIC(0) Converting physical 0 to logical package 0
[   15.580435] smpboot: Max logical packages: 1
[   15.617349] x2apic enabled
[   15.632686] Switched APIC routing to physical x2apic.
[   15.635340] ..TIMER: vector=0x30 apic1=0 pin1=2 apic2=-1 pin2=-1
[   15.775600] smpboot: CPU0: Intel(R) Core(TM) i7-8565U CPU @ 1.80GHz (family: 0x6, model: 0x8e, stepping: 0xc)
[   15.968249] Performance Events: unsupported p6 CPU model 142 no PMU driver, software events only.
[   16.315404] KVM setup paravirtual spinlock
[   16.338469] x86: Booting SMP configuration:
[   16.376090] .... node  #0, CPUs:      #1
[   16.385678] kvm-clock: cpu 1, msr 0:3ffe3041, secondary cpu clock
[   16.388544] mce: CPU supports 0 MCE banks
[   16.397569] x86: Booted up 1 node, 2 CPUs
[   16.399486] smpboot: Total of 2 processors activated (7968.00 BogoMIPS)
[   16.408854] devtmpfs: initialized
[   16.514519] evm: security.selinux
[   16.629582] evm: security.SMACK64
[   16.680972] evm: security.SMACK64EXEC
[   16.720418] evm: security.SMACK64TRANSMUTE
[   16.749919] evm: security.SMACK64MMAP
[   16.750885] evm: security.ima
[   16.751715] evm: security.capability
[   16.752904] clocksource: jiffies: mask: 0xffffffff max_cycles: 0xffffffff, max_idle_ns: 7645041785100000 ns
[   16.770002] futex hash table entries: 512 (order: 3, 32768 bytes)
[   16.771534] pinctrl core: initialized pinctrl subsystem
[   16.772817] RTC time: 14:03:05, date: 01/17/20
[   16.786401] NET: Registered protocol family 16
[   16.803988] cpuidle: using governor ladder
[   16.940706] cpuidle: using governor menu
[   17.060742] PCCT header not found.
[   17.126965] ACPI: bus type PCI registered
[   17.208088] acpiphp: ACPI Hot Plug PCI Controller Driver version: 0.5
[   17.209930] PCI: Using configuration type 1 for base access
[   17.226973] ACPI: Added _OSI(Module Device)
[   17.265700] ACPI: Added _OSI(Processor Device)
[   17.267402] ACPI: Added _OSI(3.0 _SCP Extensions)
[   17.269265] ACPI: Added _OSI(Processor Aggregator Device)
[   17.309377] ACPI: Executed 1 blocks of module-level executable AML code
[   17.314247] ACPI: Interpreter enabled
[   17.315269] ACPI: (supports S0 S5)
[   17.316303] ACPI: Using IOAPIC for interrupt routing
[   17.331613] PCI: Using host bridge windows from ACPI; if necessary, use "pci=nocrs" and report a bug
[   17.340550] ACPI: PCI Root Bridge [PCI0] (domain 0000 [bus 00-ff])
[   17.342746] acpi PNP0A03:00: _OSC: OS supports [ASPM ClockPM Segments MSI]
[   17.345101] acpi PNP0A03:00: _OSC: not requesting OS control; OS requires [ExtendedConfig ASPM ClockPM MSI]
[   17.348622] acpi PNP0A03:00: fail to add MMCONFIG information, can't access extended PCI configuration space under this bridge.
[   17.394390] PCI host bridge to bus 0000:00
[   17.455511] pci_bus 0000:00: root bus resource [io  0x0000-0x0cf7 window]
[   17.633034] pci_bus 0000:00: root bus resource [io  0x0d00-0xffff window]
[   17.682626] pci_bus 0000:00: root bus resource [mem 0x000a0000-0x000bffff window]
[   17.698608] pci_bus 0000:00: root bus resource [mem 0x40000000-0xfdffffff window]
[   17.700976] pci_bus 0000:00: root bus resource [bus 00-ff]
[   17.705397] pci 0000:00:01.1: legacy IDE quirk: reg 0x10: [io  0x01f0-0x01f7]
[   17.707778] pci 0000:00:01.1: legacy IDE quirk: reg 0x14: [io  0x03f6]
[   17.710252] pci 0000:00:01.1: legacy IDE quirk: reg 0x18: [io  0x0170-0x0177]
[   17.712661] pci 0000:00:01.1: legacy IDE quirk: reg 0x1c: [io  0x0376]
[   17.829629] pci 0000:00:07.0: quirk: [io  0x4000-0x403f] claimed by PIIX4 ACPI
[   17.859202] pci 0000:00:07.0: quirk: [io  0x4100-0x410f] claimed by PIIX4 SMB
[   17.965569] ACPI: PCI Interrupt Link [LNKA] (IRQs 5 9 10 *11)
[   18.020761] ACPI: PCI Interrupt Link [LNKB] (IRQs 5 9 *10 11)
[   18.023155] ACPI: PCI Interrupt Link [LNKC] (IRQs 5 *9 10 11)
[   18.025634] ACPI: PCI Interrupt Link [LNKD] (IRQs 5 9 10 *11)
[   18.028146] ACPI: Enabled 2 GPEs in block 00 to 07
[   18.030065] vgaarb: setting as boot device: PCI:0000:00:02.0
[   18.117435] vgaarb: device added: PCI:0000:00:02.0,decodes=io+mem,owns=io+mem,locks=none
[   18.155513] vgaarb: loaded
[   18.156340] vgaarb: bridge control possible 0000:00:02.0
[   18.157861] SCSI subsystem initialized
[   18.159023] ACPI: bus type USB registered
[   18.256802] usbcore: registered new interface driver usbfs
[   18.258409] usbcore: registered new interface driver hub
[   18.260175] usbcore: registered new device driver usb
[   18.262023] PCI: Using ACPI for IRQ routing
[   18.306716] NetLabel: Initializing
[   18.389977] NetLabel:  domain hash size = 128
[   18.400880] NetLabel:  protocols = UNLABELED CIPSOv4
[   18.529104] NetLabel:  unlabeled traffic allowed by default
[   18.649822] amd_nb: Cannot enumerate AMD northbridges
[   18.790181] clocksource: Switched to clocksource kvm-clock
[   8.904918] AppArmor: AppArmor Filesysm abd   .240 p: PP PIni
[ 19849605] pnp: PnPCPI: un3 dic
[   20.329569] clocksource: acpi_pm: mask: 0xffffff max_cycles: 0xffffff, max_idle_ns: 2085701024 ns
[   20.545789] NET: Registered protocol family 2
[   20.642626] TCP established hash table entries: 8192 (order: 4, 65536 bytes)
[   20.753198] TCP bind hash table entries: 8192 (order: 5, 131072 bytes)
[   20.807555] TCP: Hash tables configured (established 8192 bind 8192)
[   20.867100] UDP hash table entries: 512 (order: 2, 16384 bytes)
[   20.988406] UDP-Lite hash table entries: 512 (order: 2, 16384 bytes)
[   21.052715] NET: Registered protocol family 1
[   21.053656] pci 0000:00:00.0: Limiting direct PCI/PCI transfers
[   21.054887] pci 0000:00:01.0: Activating ISA DMA hang workarounds
[   21.062773] Unpacking initramfs...
[   21.816923] Freeing initrd memory: 14840K
[   21.957720] clocksource: tsc: mask: 0xffffffffffffffff max_cycles: 0x396d54029a7, max_idle_ns: 881590429682 ns
[   22.125686] platform rtc_cmos: registered platform RTC device (no PNP device found)
[   22.142583] Scanning for low memory corruption every 60 seconds
[   22.144219] audit: initializing netlink subsys (disabled)
[   22.145343] audit: type=2000 audit(1579269778.348:1): initialized
[   22.153151] Initialise system trusted keyring
[   22.154369] HugeTLB registered 2 MB page size, pre-allocated 0 pages
[   22.157304] zbud: loaded
[   22.184831] VFS: Disk quotas dquot_6.6.0
[   22.185977] VFS: Dquot-cache hash table entries: 512 (order 0, 4096 bytes)
[   22.187731] squashfs: version 4.0 (2009/01/31) Phillip Lougher
[   22.277283] fuse init (API version 7.23)
[   22.429572] Key type big_key registered
[   22.474253] Allocating IMA MOK and blacklist keyrings.
[   22.594279] Key type asymmetric registered
[   22.635249] Asymmetric key parser 'x509' registered
[   22.684349] Block layer SCSI generic (bsg) driver version 0.4 loaded (major 249)
[   22.868317] io scheduler noop registered
[   22.982199] io scheduler deadline registered (default)
[   23.017036] io scheduler cfq registered
[   23.085039] pci_hotplug: PCI Hot Plug PCI Core version: 0.5
[   23.110249] pciehp: PCI Express Hot Plug Controller Driver version: 0.4
[   23.218014] ACPI: AC Adapter [AC] (off-line)
[   23.225195] input: Power Button as /devices/LNXSYSTM:00/LNXPWRBN:00/input/input0
[   23.226781] ACPI: Power Button [PWRF]
[   23.227698] input: Sleep Button as /devices/LNXSYSTM:00/LNXSLPBN:00/input/input1
[   23.229281] ACPI: Sleep Button [SLPF]
[   23.230318] GHES: HEST is not enabled!
[   23.231041] ACPI: Battery Slot [BAT0] (battery present)
[   23.232494] Serial: 8250/16550 driver, 32 ports, IRQ sharing enabled
[   23.256411] 00:02: ttyS0 at I/O 0x3f8 (irq = 4, base_baud = 115200) is a 16550A
[   23.266013] Linux agpgart interface v0.103
[   23.268772] loop: module loaded
[   23.270361] scsi host0: ata_piix
[   23.271490] scsi host1: ata_piix
[   23.272509] ata1: PATA max UDMA/33 cmd 0x1f0 ctl 0x3f6 bmdma 0xd000 irq 14
[   23.318997] ata2: PATA max UDMA/33 cmd 0x170 ctl 0x376 bmdma 0xd008 irq 15
[   23.376494] libphy: Fixed MDIO Bus: probed
[   23.429078] tun: Universal TUN/TAP device driver, 1.6
[   23.496267] tun: (C) 1999-2004 Max Krasnyansky <maxk@qualcomm.com>
[   23.508546] PPP generic driver version 2.4.2
[   23.545231] ehci_hcd: USB 2.0 'Enhanced' Host Controller (EHCI) Driver
[   23.657910] ehci-pci: EHCI PCI platform driver
[   23.668939] ehci-platform: EHCI generic platform driver
[   23.670488] ohci_hcd: USB 1.1 'Open' Host Controller (OHCI) Driver
[   23.672433] ohci-pci: OHCI PCI platform driver
[   23.673885] ohci-platform: OHCI generic platform driver
[   23.761418] uhci_hcd: USB Universal Host Controller Interface driver
[   23.866038] i8042: PNP: PS/2 Controller [PNP0303:PS2K,PNP0f03:PS2M] at 0x60,0x64 irq 1,12
[   23.950349] serio: i8042 KBD port at 0x60,0x64 irq 1
[   23.993655] serio: i8042 AUX port at 0x60,0x64 irq 12
[   24.058481] mousedev: PS/2 mouse device common for all mice
[   24.130112] rtc_cmos rtc_cmos: rtc core: registered rtc_cmos as rtc0
[   24.133268] rtc_cmos rtc_cmos: alarms up to one day, 114 bytes nvram
[   24.194343] input: AT Translated Set 2 keyboard as /devices/platform/i8042/serio0/input/input2
[   24.255139] i2c /dev entries driver
[   24.283623] device-mapper: uevent: version 1.0.3
[   24.329325] device-mapper: ioctl: 4.34.0-ioctl (2015-10-28) initialised: dm-devel@redhat.com
[   24.479194] ledtrig-cpu: registered to indicate activity on CPUs
[   24.596445] NET: Registered protocol family 10
[   24.722666] NET: Registered protocol family 17
[   24.877948] Key type dns_resolver registered
[   24.942599] registered taskstats version 1
[   24.969350] Loading compiled-in X.509 certificates
[   24.972291] Loaded X.509 cert 'Build time autogenerated kernel key: f0e56e97f406068ace47a9bf54316e9855aaaa43'
[   24.975979] zswap: loaded using pool lzo/zbud
[   24.980298] Key type trusted registered
[   24.987038] Key type encrypted registered
[   24.988653] AppArmor: AppArmor sha1 policy hashing enabled
[   24.990611] ima: No TPM chip found, activating TPM-bypass!
[   25.027133] ima: Allocated hash algorithm: sha1
[   25.155047] evm: HMAC attrs: 0x1
[   25.256192]   Magic number: 4:244:81
[   25.292564] rtc_cmos rtc_cmos: setting system clock to 2020-01-17 14:03:14 UTC (1579269794)
[   25.302831] BIOS EDD facility v0.16 2004-Jun-25, 0 devices found
[   25.398724] EDD information not available.
[   25.431923] Freeing unused kernel memory: 1488K
[   25.442909] Write protecting the kernel read-only data: 14336k
[   25.444817] Freeing unused kernel memory: 1604K
[   25.446099] Freeing unused kernel memory: 60K
Loading, please wait...
starting version[   25.462715] random: systemd-udevd: uninitialized urandom read (16 bytes read, 7 bits of entropy available)
 229
[   25.463347] random: udevadm: uninitialized urandom read (16 bytes read, 7 bits of entropy available)
[   25.463363] random: udevadm: uninitialized urandom read (16 bytes read, 7 bits of entropy available)
[   25.471671] random: udevadm: uninitialized urandom read (16 bytes read, 7 bits of entropy available)
[   25.471811] random: udevadm: uninitialized urandom read (16 bytes read, 7 bits of entropy available)
[   25.471967] random: udevadm: uninitialized urandom read (16 bytes read, 7 bits of entropy available)
[   25.472021] random: udevadm: uninitialized urandom read (16 bytes read, 7 bits of entropy available)
[   25.472078] random: udevadm: uninitialized urandom read (16 bytes read, 7 bits of entropy available)
[   25.472132] random: udevadm: uninitialized urandom read (16 bytes read, 7 bits of entropy available)
[   25.472183] random: udevadm: uninitialized urandom read (16 bytes read, 7 bits of entropy available)
[   26.503712] Fusion MPT base driver 3.04.20
[   26.523913] Copyright (c) 1999-2008 LSI Corporation
[   26.531492] e1000: Intel(R) PRO/1000 Network Driver - version 7.3.21-k8-NAPI
[   26.533285] e1000: Copyright (c) 1999-2006 Intel Corporation.
[   26.560199] AVX2 version of gcm_enc/dec engaged.
[   26.711518] AES CTR mode by8 optimization enabled
[   26.783167] input: ImExPS/2 Generic Explorer Mouse as /devices/platform/i8042/serio1/input/input4
[   26.792902] Fusion MPT SPI Host driver 3.04.20
[   27.186042] e1000 0000:00:03.0 eth0: (PCI:33MHz:32-bit) 02:4f:25:6a:cc:77
[   27.376372] e1000 0000:00:03.0 eth0: Intel(R) PRO/1000 Network Connection
[   27.995481] e1000 0000:00:08.0 eth1: (PCI:33MHz:32-bit) 08:00:27:ab:b8:e1
[   28.126926] e1000 0000:00:08.0 eth1: Intel(R) PRO/1000 Network Connection
[   28.312121] e1000 0000:00:08.0 enp0s8: renamed from eth1
[   28.442992] mptbase: ioc0: Initiating bringup
[   28.504161] e1000 0000:00:03.0 enp0s3: renamed from eth0
[   28.622312] ioc0: LSI53C1030 A0: Capabilities={Initiator}
[   30.492876] scsi host2: ioc0: LSI53C1030 A0, FwRev=00000000h, Ports=1, MaxQ=256, IRQ=20
[   32.142758] scsi 2:0:0:0: Direct-Access     VBOX     HARDDISK         1.0  PQ: 0 ANSI: 5
[   32.177367] scsi target2:0:0: Beginning Domain Validation
[   32.194384] scsi target2:0:0: Domain Validation skipping write tests
[   32.364346] scsi target2:0:0: Ending Domain Validation
[   32.573738] scsi target2:0:0: asynchronous
[   32.633240] scsi 2:0:1:0: Direct-Access     VBOX     HARDDISK         1.0  PQ: 0 ANSI: 5
[   32.780076] scsi target2:0:1: Beginning Domain Validation
[   32.870673] scsi target2:0:1: Domain Validation skipping write tests
[   32.994442] scsi target2:0:1: Ending Domain Validation
[   33.017470] scsi target2:0:1: asynchronous
[   33.041352] sd 2:0:0:0: Attached scsi generic sg0 type 0
[   33.041450] sd 2:0:0:0: [sda] 20971520 512-byte logical blocks: (10.7 GB/10.0 GiB)
[   33.041630] sd 2:0:0:0: [sda] Write Protect is off
[   33.041823] sd 2:0:0:0: [sda] Incomplete mode parameter data
[   33.041825] sd 2:0:0:0: [sda] Assuming drive cache: write through
[   33.075314] sd 2:0:1:0: Attached scsi generic sg1 type 0
[   33.075452] sd 2:0:1:0: [sdb] 20480 512-byte logical blocks: (10.5 MB/10.0 MiB)
[   33.075593] sd 2:0:1:0: [sdb] Write Protect is off
[   33.075698] sd 2:0:1:0: [sdb] Incomplete mode parameter data
[   33.075699] sd 2:0:1:0: [sdb] Assuming drive cache: write through
[   33.086212]  sda: sda1
[   33.087503] sd 2:0:0:0: [sda] Attached SCSI disk
[   33.088598] sd 2:0:1:0: [sdb] Attached SCSI disk
Begin: Loading e[   35.210358] md: linear personality registered for level -1
ssential drivers[   35.273378] md: multipath personality registered for level -4
 ... [   35.447479] md: raid0 personality registered for level 0
[   35.599297] md: raid1 personality registered for level 1
[   35.786345] raid6: sse2x1   gen()  4488 MB/s
[   35.938300] raid6: sse2x1   xor()  3010 MB/s
[   36.150213] raid6: sse2x2   gen()  6222 MB/s
[   36.330261] raid6: sse2x2   xor()  6399 MB/s
[   36.402207] raid6: sse2x4   gen()  7117 MB/s
[   36.546745] raid6: sse2x4   xor()  4449 MB/s
[   36.790210] raid6: avx2x1   gen()  9019 MB/s
[   36.942209] raid6: avx2x2   gen() 11264 MB/s
[   37.170206] raid6: avx2x4   gen() 12276 MB/s
[   37.247700] raid6: using algorithm avx2x4 gen() 12276 MB/s
[   37.362362] raid6: using avx2x2 recovery algorithm
[   37.377019] xor: automatically using best checksumming function:
[   37.454551]    avx       : 16001.000 MB/sec
[   37.581071] async_tx: api initialized (async)
[   37.639368] md: raid6 personality registered for level 6
[   37.695220] md: raid5 personality registered for level 5
[   37.719891] md: raid4 personality registered for level 4
[   37.808754] md: raid10 personality registered for level 10
done.
Begin: Running /scripts/init-premount ... done.
Begin: Mounting root file system ... Begin: R[   38.074505] Btrfs loaded
unning /scripts/local-top ... done.
Begin: Running /scripts/local-premount ... Scanning for Btrfs filesystems
done.
Warning: fsck no[   38.263274] EXT4-fs (sda1): mounted filesystem with ordered data mode. Opts: (null)
t present, so skipping root file system
done.
Begin: Running /scripts/local-bottom ... done.
Begin: Running /scripts/init-bottom ... done.
[   38.579338] systemd[1]: systemd 229 running in system mode. (+PAM +AUDIT +SELINUX +IMA +APPARMOR +SMACK +SYSVINIT +UTMP +LIBCRYPTSETUP +GCRYPT +GNUTLS +ACL +XZ -LZ4 +SECCOMP +BLKID +ELFUTILS +KMOD -IDN)
[   38.980939] systemd[1]: Detected virtualization oracle.
[   38.997106] systemd[1]: Detected architecture x86-64.

Welcome to [1mUbuntu 16.04.6 LTS[0m!

[   39.124564] systemd[1]: Set hostname to <ubuntu>.
[   39.176740] systemd[1]: Initializing machine ID from random generator.
[   39.261423] systemd[1]: Installed transient /etc/machine-id file.
[   39.371108] random: nonblocking pool is initialized
[   39.746817] systemd[1]: Listening on Device-mapper event daemon FIFOs.
[[0;32m  OK  [0m] Listening on Device-mapper event daemon FIFOs.
[   39.883281] systemd[1]: Reached target System Time Synchronized.
[[0;32m  OK  [0m] Reached target System Time Synchronized.
[   40.063471] systemd[1]: Listening on udev Kernel Socket.
[[0;32m  OK  [0m] Listening on udev Kernel Socket.
[   40.259077] systemd[1]: Listening on Journal Socket.
[[0;32m  OK  [0m] Listening on Journal Socket.
[   40.472365] systemd[1]: Created slice System Slice.
[[0;32m  OK  [0m] Created slice System Slice.
[   40.543806] systemd[1]: Starting Create list of required static device nodes for the current kernel...
         Starting Create list of required st... nodes for the current kernel...
[   40.649410] systemd[1]: Created slice system-serial\x2dgetty.slice.
[[0;32m  OK  [0m] Created slice system-serial\x2dgetty.slice.
[   40.714481] systemd[1]: Starting Uncomplicated firewall...
         Starting Uncomplicated firewall...
[   40.950379] systemd[1]: Starting Nameserver information manager...
         Starting Nameserver information manager...
[   41.062726] systemd[1]: Starting Set console keymap...
         Starting Set console keymap...
[   41.120099] systemd[1]: Listening on LVM2 metadata daemon socket.
[[0;32m  OK  [0m] Listening on LVM2 metadata daemon socket.
[   41.143357] systemd[1]: Listening on Journal Audit Socket.
[[0;32m  OK  [0m] Listening on Journal Audit Socket.
[   41.161590] systemd[1]: Created slice User and Session Slice.
[[0;32m  OK  [0m] Created slice User and Session Slice.
[   41.171248] systemd[1]: Listening on Journal Socket (/dev/log).
[[0;32m  OK  [0m] Listening on Journal Socket (/dev/log).
[   41.210679] systemd[1]: Mounting POSIX Message Queue File System...
         Mounting POSIX Message Queue File System...
[   41.351247] systemd[1]: Reached target Swap.
[[0;32m  OK  [0m] Reached target Swap.
[   41.491284] systemd[1]: Started Forward Password Requests to Wall Directory Watch.
[[0;32m  OK  [0m] Started Forward Password Requests to Wall Directory Watch.
[   41.579164] systemd[1]: Listening on LVM2 poll daemon socket.
[[0;32m  OK  [0m] Listening on LVM2 poll daemon socket.
[   41.679609] systemd[1]: Listening on Syslog Socket.
[[0;32m  OK  [0m] Listening on Syslog Socket.
[   41.751235] systemd[1]: Starting Journal Service...
         Starting Journal Service...
[   41.779085] systemd[1]: Reached target Encrypted Volumes.
[[0;32m  OK  [0m] Reached target Encrypted Volumes.
[   41.781793] systemd[1]: Set up automount Arbitrary Executable File Formats File System Automount Point.
[[0;32m  OK  [0m] Set up automount Arbitrary Executab...ats File System Automount Point.
[   41.907331] systemd[1]: Mounting Debug File System...
         Mounting Debug File System...
[   41.994567] systemd[1]: Mounting Huge Pages File System...
         Mounting Huge Pages File System...
[   42.118701] systemd[1]: Starting Load Kernel Modules...
         Startin[   42.152272] Loading iSCSI transport class v2.0-870.
g Load Kernel Modules...
[   42.330901] systemd[1]: Started Trigger resolvconf update for networkd DNS.
[[0;32m  OK  [0m] Started Trigger resolvconf update for networkd DNS.
[   42.354552] systemd[1]: Starting Monitoring of LVM2 mirrors, snapshots etc. using dmeventd or progress polling...
         Starting Monitoring of LVM2 mirrors... dmeventd or prog[   42.438692] iscsi: registered transport (tcp)
ress polling...
[   42.567348] systemd[1]: Listening on udev Control Socket.
[[0;32m  OK  [0m] Listening on udev Control Socket.
[   42.659417] systemd[1]: Listening on /dev/initctl Compatibility Named Pipe.
[[0;32m  OK  [0m] Listening on /dev/initctl Co[   42.821152] iscsi: registered transport (iser)
mpatibility Named Pipe.
[   43.802978] systemd[1]: Reached target User and Group Name Lookups.
[[0;32m  OK  [0m] Reached target User and Group Name Lookups.
[   43.962837] systemd[1]: Starting Remount Root and Kernel File Systems...
[   43.965845] EXT4-fs (sda1): re-mounted. Opts: (null)
         Starting Remount Root and Kernel File Systems...
[   44.223426] systemd[1]: Reached target Slices.
[[0;32m  OK  [0m] Reached target Slices.
[   44.288486] systemd[1]: Mounted Debug File System.
[[0;32m  OK  [0m] Mounted Debug File System.
[   44.383362] systemd[1]: Mounted Huge Pages File System.
[[0;32m  OK  [0m] Mounted Huge Pages File System.
[   44.554662] systemd[1]: Mounted POSIX Message Queue File System.
[[0;32m  OK  [0m] Mounted POSIX Message Queue File System.
[   44.819061] systemd[1]: Started Journal Service.
[[0;32m  OK  [0m] Started Journal Service.
[[0;32m  OK  [0m] Started Create list of required sta...ce nodes for the current kernel.
[[0;32m  OK  [0m] Started Uncomplicated firewall.
[[0;32m  OK  [0m] Started Set console keymap.
[[0;32m  OK  [0m] Started Load Kernel Modules.
[[0;32m  OK  [0m] Started Remount Root and Kernel File Systems.
[[0;32m  OK  [0m] Started Nameserver information manager.
[[0;32m  OK  [0m] Started LVM2 metadata daemon.
         Starting Load/Save Random Seed...
         Starting udev Coldplug all Devices...
         Starting Apply Kernel Variables...
         Mounting FUSE Control File System...
         Starting Create Static Device Nodes in /dev...
         Starting Flush Journal to Persistent Storage...
[[0;32m  OK  [0m] Mounted FUSE Control File System.
[[0;32m  OK  [0m] Started Monitoring of LVM2 mirrors,...ng dmeventd or progress polling.
[[0;32m  OK  [0m] Started Load/Save Random Seed.
[[0;32m  OK  [0m] Started Apply Kernel Variables.
[[0;32m  OK  [0m] Started Create Static Device Nodes in /dev.
[[0;32m  OK  [0m] Started udev Coldplug all Devices.
[[0;32m  OK  [0m] Started Flush Journal to Persistent Storage.
         Starting udev Kernel Device Manager...
[[0;32m  OK  [0m] Reached target Local File Systems (Pre).
[[0;32m  OK  [0m] Reached target Local File Systems.
         Starting Create Volatile Files and Directories...
         Starting Tell Plymouth To Write Out Runtime Data...
         Starting Set console font and keymap...
         Starting Initial cloud-init job (pre-networking)...
         Starting Commit a transient machine-id on disk...
         Starting LSB: AppArmor initialization...
[[0;32m  OK  [0m] Started udev Kernel Device Manager.
[[0;32m  OK  [0m] Started Create Volatile Files and Directories.
[[0;32m  OK  [0m] Started Tell Plymouth To Write Out Runtime Data.
[   30.229061] [cloud-init[0;32m  OK  [0m[527]: ] Cloud-init v. 19.2-36-g059d049c-0ubuntu2~16.04.1 running 'init-local' at Fri, 17 Jan 2020 14:03:37 +0000. Up 29.69 seconds.Started Commit a transient machine-id on disk.

[[0;32m  OK  [0m] Started Initial cloud-init job (pre-networking).
[[0;32m  OK  [0m] Started Set console font and keymap.
[[0;32m  OK  [0m] Found device /dev/ttyS0.
[[0;32m  OK  [0m] Listening on Load/Save RF Kill Switch Status /dev/rfkill Watch.
[[0;32m  OK  [0m] Created slice system-getty.slice.
[[0;32m  OK  [0m] Reached target Network (Pre).
         Starting Update UTMP about System Boot/Shutdown...
[[0;32m  OK  [0m] Started Dispatch Password Requests to Console Directory Watch.
[[0;32m  OK  [0m] Started Update UTMP about System Boot/Shutdown.
[[0;32m  OK  [0m] Started LSB: AppArmor initialization.
         Starting Raise network interfaces...
[[0;32m  OK  [0m] Started Raise network interfaces.
[[0;32m  OK  [0m] Reached target Network.
         Starting Initial cloud-init job (metadata service crawler)...
[   33.874571] cloud-init[955]: Cloud-init v. 19.2-36-g059d049c-0ubuntu2~16.04.1 running 'init' at Fri, 17 Jan 2020 14:03:40 +0000. Up 32.68 seconds.
[   34.000940] cloud-init[955]: ci-info: ++++++++++++++++++++++++++++++++++++++Net device info+++++++++++++++++++++++++++++++++++++++
[[0;32m  OK  [0m] Started Initial cloud-init job (metadata service crawler).
[[0;32m  OK  [0m] Reached target Cloud-config availability.
[[0;32m  OK  [0m] Reached target System Initialization.
[   34.093697] cloud-init[955]: ci-info: +--------+-------+----------------------------+---------------+--------+-------------------+
[   34.316957] [cloud-init[0;32m  OK  [0m[955]: ] ci-info: | Device |   Up  |          Address           |      Mask     | Scope  |     Hw-Address    |Started Daily Cleanup of Temporary Directories.

[   34.319310] cloud-init[955]: ci-info: +--------+-------+----------------------------+---------------+--------+-------------------+
[   34.540346]          cloud-initStarting LXD - unix socket.[955]: 
ci-info: | enp0s3 |  True |         10.0.2.15          | 255.255.255.0 | global | 02:4f:25:6a:cc:77 |
[   34.604374] [cloud-init[0;32m  OK  [0m[955]: ] ci-info: | enp0s3 |  True | fe80::4f:25ff:fe6a:cc77/64 |       .       |  link  | 02:4f:25:6a:cc:77 |Started Message of the Day.

[   34.605062] cloud-init[955]: ci-info: | enp0s8 | False |             .              |       .       |   .    | 08:00:27:ab:b8:e1 |
[   34.869063] [cloud-init[0;32m  OK  [0m[955]: ] ci-info: |   lo   |  True |         127.0.0.1          |   255.0.0.0   |  host  |         .         |Started ACPI Events Check.

[   34.871170] [cloud-init[0;32m  OK  [0m[955]: ] ci-info: |   lo   |  True |          ::1/128           |       .       |  host  |         .         |Reached target Paths.

[   34.996336] [cloud-init[0;32m  OK  [0m[955]: ] ci-info: +--------+-------+----------------------------+---------------+--------+-------------------+Listening on D-Bus System Message Bus Socket.

[   35.147893]          Starting Socket activation for snappy daemon.
cloud-init[955]: ci-info: +++++++++++++++++++++++++++Route IPv4 info++++++++++++++++++++++++++++
[   35.413908] [[0;32m  OK  [0m] Started Daily apt download activities.
cloud-init[955]: ci-info: +-------+-------------+----------+---------------+-----------+-------+
[[0;32m  OK  [0m] Started Daily apt upgrade and clean activities.
[[0;32m  OK  [0m] Reached target Timers.
[   35.557071] cloud-init[955]: ci-info: | Route | Destination | Gateway  |    Genmask    | Interface | Flags |
[   35.761387] [cloud-init[0;32m  OK  [0m[955]: ] ci-info: +-------+-------------+----------+---------------+-----------+-------+Listening on UUID daemon activation socket.

[   35.763585] [cloud-init[0;32m  OK  [0m[955]: ] ci-info: |   0   |   0.0.0.0   | 10.0.2.2 |    0.0.0.0    |   enp0s3  |   UG  |Listening on ACPID Listen Socket.

[   35.891399] [cloud-init[0;32m  OK  [0m[955]: ] ci-info: |   1   |   10.0.2.0  | 0.0.0.0  | 255.255.255.0 |   enp0s3  |   U   |Reached target Network is Online.

[   36.000336] cloud-init[955]: ci-info: +-------+-------------+----------+---------------+-----------+-------+
[   36.225078]          cloud-initStarting iSCSI initiator daemon (iscsid)...[955]: 
ci-info: +++++++++++++++++++Route IPv6 info+++++++++++++++++++
[[0;32m  OK  [0m] Listening on LXD - unix socket.
[   36.287647] [cloud-init[0;32m  OK  [0m[955]: ] ci-info: +-------+-------------+---------+-----------+-------+Listening on Socket activation for snappy daemon.

[   36.324266] cloud-init[955]: ci-info: | Route | Destination | Gateway | Interface | Flags |
[   36.473763] cloud-init[955]: ci-info: +-------+-------------+---------+-----------+-------+
[[0;32m  OK  [0m] Reached target Sockets.
[   36.476270] cloud-init[955]: ci-info: |   0   |  fe80::/64  |    ::   |   enp0s3  |   U   |
[[0;32m  OK  [0m] Reached target Basic System.
[   36.573512] cloud-init[955]: ci-info: |   3   |   ff00::/8  |    ::   |   enp0s3  |   U   |
[   36.714497] cloud-init[955]: ci-info: +-------+-------------+---------+-----------+-------+
         Starting Login Service...
[   36.805931] cloud-init[955]: Generating public/private rsa key pair.
[   36.809129] cloud-init[955]: Your identification has been saved in /etc/ssh/ssh_host_rsa_key.
[   36.811028] cloud-init[955]: Your public key has been saved in /etc/ssh/ssh_host_rsa_key.pub.
[   36.813036] cloud-init[955]: The key fingerprint is:
[   36.814279] cloud-init[955]: SHA256:RYh24sOYEM7AJY3bQQ8v6w1leWnSmazOxGbtFmn1KB0 root@ubuntu-xenial
[   36.816134] cloud-init[955]: The key's randomart image is:
[   36.817366] cloud-init[955]: +---[RSA 2048]----+
[[   36.880355] cloud-init[955]: |o.*=   . ..      |
[   36.880587] cloud-init[955]: | *oo+ B *.       |
[   36.881464] cloud-init[955]: |  =o.& @ E.      |
[   36.881574] cloud-init[955]: | . .O X +.+      |
[   36.881675] cloud-init[955]: |   o * BSo .     |
[   36.881777] cloud-init[955]: |  . O o o        |
[   36.882001] cloud-init[955]: |   . + o         |
[   36.882118] cloud-init[955]: |      .          |
[   36.882233] cloud-init[955]: |                 |
[   36.882336] cloud-init[955]: +----[SHA256]-----+
[   36.882439] cloud-init[955]: Generating public/private dsa key pair.
[   36.882540] cloud-init[955]: Your identification has been saved in /etc/ssh/ssh_host_dsa_key.
[   36.882642] cloud-init[955]: Your public key has been saved in /etc/ssh/ssh_host_dsa_key.pub.
[   36.882745] cloud-init[955]: The key fingerprint is:
[   36.882931] cloud-init[955]: SHA256:SVuRzg+sR2gLcGcHJznaTcTs16vzOQbeUcW+XlV5H6M root@ubuntu-xenial
[   36.883051] cloud-init[955]: The key's randomart image is:
[   36.883152] cloud-init[955]: +---[DSA 1024]----+
[   36.883259] cloud-init[955]: |        o*+.   ..|
[   36.883368] cloud-init[955]: |    . . =o*.   +=|
[   36.883469] cloud-init[955]: |     o =.@.  ...B|
[   36.883571] cloud-init[955]: |      o.++O .E. =|
[   36.883670] cloud-init[955]: |       oS+ +   oo|
[   36.883770] cloud-init[955]: |        o . o o..|
[   36.883945] cloud-init[955]: |         . . +...|
[   36.884051] cloud-init[955]: |            + +o |
[   36.884151] cloud-init[955]: |             +o. |
[   36.884253] cloud-init[955]: +----[SHA256]-----+
[0;32m  OK  [0m] Started ACPI event daemon.
[   36.884572] cloud-init[955]: Generating public/private ecdsa key pair.
[   38.225248] cloud-init[955]: Your identification has been saved in /etc/ssh/ssh_host_ecdsa_key.
[   38.284857] cloud-init[955]: Your public key has been saved in /etc/ssh/ssh_host_ecdsa_key.pub.
[   38.286109] cloud-init[955]: The key fingerprint is:
[[0;32m  OK  [0m] Started D-Bus System Message Bus.
[   38.286987] cloud-init[955]: SHA256:U1EXv36CZ4Em5KGBT8yfI5pPkacKZisS2AufOGWRpb4 root@ubuntu-xenial
[   38.536963] cloud-init[955]: The key's randomart image is:
[   38.538104] cloud-init[955]: +---[ECDSA 256]---+
[[0;32m  OK  [0m] Started Regular background program processing daemon.
[   38.539188] cloud-init[955]: |          ... o. |
[   38.741179] cloud-init[955]: |    .  +   . . . |
[   38.742393] cloud-init[955]: |   +  . = +     .|
         Starting LXD - container startup/shutdown...
[   38.743746] cloud-init[955]: |  +    o O o .  .|
[   38.857198] cloud-init[955]: |.o .    S B o .. |
[   38.858408] cloud-init[955]: |+ =    o * + ... |
[[0;32m  OK  [0m] Started Deferred execution scheduler.
[   38.859675] cloud-init[955]: | B ++ o o   . +..|
[   38.954525] cloud-init[955]: |+ Eo o +     o ..|
[   38.956020] cloud-init[955]: | o .. . .        |
[   38.957760] cloud-init[955]: +----[SHA256]-----+
[   38.959322] cloud-init[955]: Generating public/private ed25519 key pair.
[   38.962049] cloud-init[955]: Your identification has been saved in /etc/ssh/ssh_host_ed25519_key.
[   38.963907] cloud-init[955]: Your public key has been saved in /etc/ssh/ssh_host_ed25519_key.pub.
[   38.967417] cloud-init[955]: The key fingerprint is:
[   38.967768] cloud-init[955]: SHA256:vbyBJXv0ypjx8A/fZUEONXubAGt3WPJH7OU6N3+bWnw root@ubuntu-xenial
[   38.967937] cloud-init[955]: The key's randomart image is:
[   38.968361] cloud-init[955]: +--[ED25519 256]--+
[   38.968519] cloud-init[955]: |           . . =.|
[   38.968686] cloud-init[955]: |            o *.=|
[   38.969194] cloud-init[955]: |           o = B+|
[   38.969382] cloud-init[955]: |         .. . * B|
[   38.969544] cloud-init[955]: |        S +    * |
[   38.969711] cloud-init[955]: |         B o  +.o|
[   38.969885] cloud-init[955]: |        = * .  =E|
[   38.970048] cloud-init[955]: |         X * ..o=|
[   38.970264] cloud-init[955]: |        o *.o.ooo|
[   38.970431] cloud-init[955]: +----[SHA256]-----+
         Starting LSB: MD monitoring daemon...
         Starting System Logging Service...
         Starting Pollinate to seed the pseudo random number generator...
         Starting Virtualbox guest utils...
[[0;32m  OK  [0m] Started FUSE filesystem for LXC.
         Starting Accounts Service...
         Starting /etc/rc.local Compatibility...
         Starting LSB: Record successful boot for GRUB...
         Starting Snappy daemon...
[[0;32m  OK  [0m] Started System Logging Service.
[[0;32m  OK  [0m] Started iSCSI initiator daemon (iscsid).
[[0;32m  OK  [0m] Started LXD - container startup/shutdown.
[[0;32m  OK  [0m] Started /etc/rc.local Compatibility.
[[0;32m  OK  [0m] Started LSB: MD monitoring daemon.
[[0;32m  OK  [0m] Started Login Service.
[[0;32m  OK  [0m] Started Snappy daemon.
[[0;32m  OK  [0m] Started Virtualbox guest utils.
[[0;32m  OK  [0m] Started LSB: Record successful boot for GRUB.
         Starting Wait until snapd is fully seeded...
[[0;32m  OK  [0m] Started Unattended Upgrades Shutdown.
         Starting Authenticate and Authorize Users to Run Privileged Tasks...
         Starting Login to default iSCSI targets...
[[0;32m  OK  [0m] Started Authenticate and Authorize Users to Run Privileged Tasks.
[[0;32m  OK  [0m] Started Pollinate to seed the pseudo random number generator.
[[0;32m  OK  [0m] Started Accounts Service.
[[0;32m  OK  [0m] Started Login to default iSCSI targets.
[[0;32m  OK  [0m] Reached target Remote File Systems (Pre).
[[0;32m  OK  [0m] Reached target Remote File Systems.
         Starting LSB: automatic crash report generation...
         Starting LSB: Set the CPU Frequency Scaling governor to "ondemand"...
         Starting LSB: daemon to balance interrupts for SMP systems...
         Starting Permit User Sessions...
         Starting OpenBSD Secure Shell server...
[[0;32m  OK  [0m] Started Permit User Sessions.
[[0;32m  OK  [0m] Started OpenBSD Secure Shell server.
[[0;32m  OK  [0m] Started LSB: Set the CPU Frequency Scaling governor to "ondemand".
[[0;32m  OK  [0m] Started LSB: automatic crash report generation.
[[0;32m  OK  [0m] Started LSB: daemon to balance interrupts for SMP systems.
         Starting Hold until boot process finishes up...
         Starting Terminate Plymouth Boot Screen...
[[0;32m  OK  [0m] Started Hold until boot process finishes up.
[[0;32m  OK  [0m] Started Terminate Plymouth Boot Screen.
[[0;32m  OK  [0m] Created slice User Slice of vagrant.
[[0;32m  OK  [0m] Started Session 1 of user vagrant.
         Starting User Manager for UID 1000...
[[0;32m  OK  [0m] Started Getty on tty1.
         Starting Set console scheme...
[[0;32m  OK  [0m] Started Serial Getty on ttyS0.
[[0;32m  OK  [0m] Reached target Login Prompts.
[[0;32m  OK  [0m] Started User Manager for UID 1000.
[[0;32m  OK  [0m] Started Set console scheme.
[[0;32m  OK  [0m] Started Wait until snapd is fully seeded.
         Starting Apply the settings specified in cloud-config...
[[0;32m  OK  [0m] Reached target Multi-User System.
[[0;32m  OK  [0m] Reached target Graphical Interface.
         Starting Update UTMP about System Runlevel Changes...
[[0;32m  OK  [0m] Started Update UTMP about System Runlevel Changes.
[   44.592143] cloud-init[1372]: Generating locales (this might take a while)...

Ubuntu 16.04.6 LTS ubuntu-xenial ttyS0

ubuntu-xenial login: [   48.159174] cloud-init[1372]:   en_US.UTF-8... done
[   48.160569] cloud-init[1372]: Generation complete.
[   48.723550] cloud-init[1372]: Cloud-init v. 19.2-36-g059d049c-0ubuntu2~16.04.1 running 'modules:config' at Fri, 17 Jan 2020 14:03:51 +0000. Up 44.15 seconds.
ci-info: no authorized ssh keys fingerprints found for user ubuntu.
<14>Jan 17 14:03:56 ec2: 
<14>Jan 17 14:03:56 ec2: #############################################################
<14>Jan 17 14:03:56 ec2: -----BEGIN SSH HOST KEY FINGERPRINTS-----
<14>Jan 17 14:03:56 ec2: 1024 SHA256:SVuRzg+sR2gLcGcHJznaTcTs16vzOQbeUcW+XlV5H6M root@ubuntu-xenial (DSA)
<14>Jan 17 14:03:56 ec2: 256 SHA256:U1EXv36CZ4Em5KGBT8yfI5pPkacKZisS2AufOGWRpb4 root@ubuntu-xenial (ECDSA)
<14>Jan 17 14:03:56 ec2: 256 SHA256:vbyBJXv0ypjx8A/fZUEONXubAGt3WPJH7OU6N3+bWnw root@ubuntu-xenial (ED25519)
<14>Jan 17 14:03:56 ec2: 2048 SHA256:RYh24sOYEM7AJY3bQQ8v6w1leWnSmazOxGbtFmn1KB0 root@ubuntu-xenial (RSA)
<14>Jan 17 14:03:56 ec2: -----END SSH HOST KEY FINGERPRINTS-----
<14>Jan 17 14:03:56 ec2: #############################################################
-----BEGIN SSH HOST KEY KEYS-----
ecdsa-sha2-nistp256 AAAAE2VjZHNhLXNoYTItbmlzdHAyNTYAAAAIbmlzdHAyNTYAAABBBAuNyjZvlzW/OksHSVBVLNkuab73744iR44cjN9wGA+llRwjBP0ya46fcdjccNpajGgZ3eiyk8+82aCU4MgOFvw= root@ubuntu-xenial
ssh-ed25519 AAAAC3NzaC1lZDI1NTE5AAAAIMKqIJuCGRbjJ/muup1OOnJ6qkNNyz49pB2s4tzG6OZZ root@ubuntu-xenial
ssh-rsa AAAAB3NzaC1yc2EAAAADAQABAAABAQCee0F1k9L8SgU0S3nuqa2bJ7r4L3hh4QG02TkexTXKlrH0L6eJ3iRhPZfLaxhK+/dEDb8uotnvkYEsREGAg4wMtG4KW5oP6j/nWlmNX2nVDz+gAHg9U3xRCPCfQ9h3FukKaEf2XBGo6fGkyz9/Kgg+hxlpw6z0hrrccyyO45obN5dQTeF3J7MCRyD40xFacJj1GqvIvxxpBX4rLfao+FBQblrO1YL2ngza6YIkFiTIUSpUZzJYeVikPEhp1jsf6gZNI456YqKjrzZ6y5MOfomERI/9QlLD1Ylgc5Eml4ntPGH8uOby92+Ik0+WwAiVUGnjAfQxkz966VMDwf0kTwWN root@ubuntu-xenial
-----END SSH HOST KEY KEYS-----
[   49.389394] cloud-init[1550]: Cloud-init v. 19.2-36-g059d049c-0ubuntu2~16.04.1 running 'modules:final' at Fri, 17 Jan 2020 14:03:56 +0000. Up 49.20 seconds.
[   49.390071] cloud-init[1550]: ci-info: no authorized ssh keys fingerprints found for user ubuntu.
[   49.390276] cloud-init[1550]: Cloud-init v. 19.2-36-g059d049c-0ubuntu2~16.04.1 finished at Fri, 17 Jan 2020 14:03:56 +0000. Datasource DataSourceNoCloud [seed=/dev/sdb][dsmode=net].  Up 49.38 seconds
